I, [2010-11-24T17:20:08.309540 #59692]  INFO -- : Opening git repository...
I, [2010-11-24T17:20:08.309804 #59692]  INFO -- : 
====== Checking Folder Status ======
I, [2010-11-24T17:20:08.334888 #59692]  INFO -- : No changes
I, [2010-11-24T17:20:08.335098 #59692]  INFO -- : ====== End Folder Status ======
I, [2010-11-24T17:20:13.335228 #59692]  INFO -- : 
====== Checking Folder Status ======
I, [2010-11-24T17:20:13.360814 #59692]  INFO -- : No changes
I, [2010-11-24T17:20:13.361006 #59692]  INFO -- : ====== End Folder Status ======
I, [2010-11-24T17:20:18.361152 #59692]  INFO -- : 
====== Checking Folder Status ======
I, [2010-11-24T17:20:18.387052 #59692]  INFO -- : No changes
I, [2010-11-24T17:20:18.387246 #59692]  INFO -- : ====== End Folder Status ======
I, [2010-11-24T17:20:23.387363 #59692]  INFO -- : 
====== Checking Folder Status ======
I, [2010-11-24T17:20:23.417964 #59692]  INFO -- : No changes
I, [2010-11-24T17:20:23.418171 #59692]  INFO -- : ====== End Folder Status ======
I, [2010-11-24T17:20:28.418317 #59692]  INFO -- : 
====== Checking Folder Status ======
I, [2010-11-24T17:20:28.443260 #59692]  INFO -- : No changes
I, [2010-11-24T17:20:28.443475 #59692]  INFO -- : ====== End Folder Status ======
I, [2010-11-24T17:20:33.443699 #59692]  INFO -- : 
====== Checking Folder Status ======
I, [2010-11-24T17:20:33.473854 #59692]  INFO -- : No changes
I, [2010-11-24T17:20:33.474094 #59692]  INFO -- : ====== End Folder Status ======
I, [2010-11-24T17:20:51.452976 #59721]  INFO -- : Opening git repository...
I, [2010-11-24T17:20:51.453210 #59721]  INFO -- : ====== Checking Folder Status ======
I, [2010-11-24T17:20:51.480588 #59721]  INFO -- : No changes
I, [2010-11-24T17:20:51.480804 #59721]  INFO -- : ====== End Folder Status ======
I, [2010-11-24T17:20:56.480977 #59721]  INFO -- : ====== Checking Folder Status ======
I, [2010-11-24T17:20:56.508392 #59721]  INFO -- : No changes
I, [2010-11-24T17:20:56.508600 #59721]  INFO -- : ====== End Folder Status ======
I, [2010-11-24T17:21:01.508748 #59721]  INFO -- : ====== Checking Folder Status ======
I, [2010-11-24T17:21:01.535919 #59721]  INFO -- : No changes
I, [2010-11-24T17:21:01.536150 #59721]  INFO -- : ====== End Folder Status ======
I, [2010-11-24T17:21:06.536292 #59721]  INFO -- : ====== Checking Folder Status ======
I, [2010-11-24T17:21:06.564586 #59721]  INFO -- : No changes
I, [2010-11-24T17:21:06.564817 #59721]  INFO -- : ====== End Folder Status ======
I, [2010-11-24T17:21:11.565145 #59721]  INFO -- : ====== Checking Folder Status ======
I, [2010-11-24T17:21:11.597842 #59721]  INFO -- : No changes
I, [2010-11-24T17:21:11.598074 #59721]  INFO -- : ====== End Folder Status ======
I, [2010-11-24T17:21:16.598232 #59721]  INFO -- : ====== Checking Folder Status ======
I, [2010-11-24T17:21:16.625448 #59721]  INFO -- : No changes
I, [2010-11-24T17:21:16.625738 #59721]  INFO -- : ====== End Folder Status ======
I, [2010-11-24T17:21:21.625901 #59721]  INFO -- : ====== Checking Folder Status ======
I, [2010-11-24T17:21:21.652915 #59721]  INFO -- : No changes
I, [2010-11-24T17:21:21.653117 #59721]  INFO -- : ====== End Folder Status ======
I, [2010-11-24T17:21:26.653279 #59721]  INFO -- : ====== Checking Folder Status ======
I, [2010-11-24T17:21:26.682574 #59721]  INFO -- : No changes
I, [2010-11-24T17:21:26.682812 #59721]  INFO -- : ====== End Folder Status ======
I, [2010-11-24T17:21:31.683046 #59721]  INFO -- : ====== Checking Folder Status ======
I, [2010-11-24T17:21:31.710086 #59721]  INFO -- : No changes
I, [2010-11-24T17:21:31.710386 #59721]  INFO -- : ====== End Folder Status ======
I, [2010-11-24T17:21:36.710541 #59721]  INFO -- : ====== Checking Folder Status ======
I, [2010-11-24T17:21:36.737831 #59721]  INFO -- : No changes
I, [2010-11-24T17:21:36.738050 #59721]  INFO -- : ====== End Folder Status ======
I, [2010-11-24T17:21:41.738203 #59721]  INFO -- : ====== Checking Folder Status ======
I, [2010-11-24T17:21:41.765962 #59721]  INFO -- : No changes
I, [2010-11-24T17:21:41.766171 #59721]  INFO -- : ====== End Folder Status ======
I, [2010-11-24T17:21:46.766278 #59721]  INFO -- : ====== Checking Folder Status ======
I, [2010-11-24T17:21:46.793112 #59721]  INFO -- : No changes
I, [2010-11-24T17:21:46.793323 #59721]  INFO -- : ====== End Folder Status ======
I, [2010-11-24T17:21:51.793561 #59721]  INFO -- : ====== Checking Folder Status ======
I, [2010-11-24T17:21:51.820986 #59721]  INFO -- : No changes
I, [2010-11-24T17:21:51.821204 #59721]  INFO -- : ====== End Folder Status ======
I, [2010-11-24T17:21:56.821384 #59721]  INFO -- : ====== Checking Folder Status ======
I, [2010-11-24T17:21:56.848680 #59721]  INFO -- : Untracked: twitter.png
I, [2010-11-24T17:21:56.848895 #59721]  INFO -- : 1 files added, adding...
I, [2010-11-24T17:21:56.865598 #59721]  INFO -- : 1 files changed, committing...
I, [2010-11-24T17:21:56.923163 #59721]  INFO -- : Files committed!
I, [2010-11-24T17:21:56.923412 #59721]  INFO -- : ====== End Folder Status ======
I, [2010-11-24T17:22:01.923532 #59721]  INFO -- : ====== Checking Folder Status ======
I, [2010-11-24T17:22:01.951586 #59721]  INFO -- : No changes
I, [2010-11-24T17:22:01.951812 #59721]  INFO -- : ====== End Folder Status ======
I, [2010-11-24T17:22:06.951944 #59721]  INFO -- : ====== Checking Folder Status ======
I, [2010-11-24T17:22:06.983042 #59721]  INFO -- : Deleted: twitter.png
I, [2010-11-24T17:22:06.983260 #59721]  INFO -- : 1 files changed, committing...
I, [2010-11-24T17:22:07.041505 #59721]  INFO -- : Files committed!
I, [2010-11-24T17:22:07.041694 #59721]  INFO -- : ====== End Folder Status ======
I, [2010-11-24T17:22:12.041867 #59721]  INFO -- : ====== Checking Folder Status ======
I, [2010-11-24T17:22:12.071836 #59721]  INFO -- : No changes
I, [2010-11-24T17:22:12.072061 #59721]  INFO -- : ====== End Folder Status ======
I, [2010-11-24T17:22:17.072263 #59721]  INFO -- : ====== Checking Folder Status ======
I, [2010-11-24T17:22:17.100255 #59721]  INFO -- : No changes
I, [2010-11-24T17:22:17.100459 #59721]  INFO -- : ====== End Folder Status ======
I, [2010-11-24T17:22:22.100570 #59721]  INFO -- : ====== Checking Folder Status ======
I, [2010-11-24T17:22:22.130380 #59721]  INFO -- : No changes
I, [2010-11-24T17:22:22.130612 #59721]  INFO -- : ====== End Folder Status ======
I, [2010-11-24T17:22:27.130760 #59721]  INFO -- : ====== Checking Folder Status ======
I, [2010-11-24T17:22:27.160884 #59721]  INFO -- : No changes
I, [2010-11-24T17:22:27.161103 #59721]  INFO -- : ====== End Folder Status ======
I, [2010-11-24T17:22:32.161229 #59721]  INFO -- : ====== Checking Folder Status ======
I, [2010-11-24T17:22:32.192620 #59721]  INFO -- : No changes
I, [2010-11-24T17:22:32.192900 #59721]  INFO -- : ====== End Folder Status ======
I, [2010-11-24T17:22:37.193052 #59721]  INFO -- : ====== Checking Folder Status ======
I, [2010-11-24T17:22:37.220709 #59721]  INFO -- : No changes
I, [2010-11-24T17:22:37.220929 #59721]  INFO -- : ====== End Folder Status ======
I, [2010-11-24T17:22:42.221057 #59721]  INFO -- : ====== Checking Folder Status ======
I, [2010-11-24T17:22:42.250305 #59721]  INFO -- : No changes
I, [2010-11-24T17:22:42.250512 #59721]  INFO -- : ====== End Folder Status ======
I, [2010-11-24T17:22:47.250678 #59721]  INFO -- : ====== Checking Folder Status ======
I, [2010-11-24T17:22:47.278160 #59721]  INFO -- : No changes
I, [2010-11-24T17:22:47.278356 #59721]  INFO -- : ====== End Folder Status ======
I, [2010-11-24T17:22:52.278460 #59721]  INFO -- : ====== Checking Folder Status ======
I, [2010-11-24T17:22:52.311005 #59721]  INFO -- : No changes
I, [2010-11-24T17:22:52.311210 #59721]  INFO -- : ====== End Folder Status ======
I, [2010-11-24T17:22:57.311304 #59721]  INFO -- : ====== Checking Folder Status ======
I, [2010-11-24T17:22:57.340379 #59721]  INFO -- : No changes
I, [2010-11-24T17:22:57.340606 #59721]  INFO -- : ====== End Folder Status ======
I, [2010-11-24T17:23:02.340730 #59721]  INFO -- : ====== Checking Folder Status ======
I, [2010-11-24T17:23:02.370922 #59721]  INFO -- : No changes
I, [2010-11-24T17:23:02.371148 #59721]  INFO -- : ====== End Folder Status ======
I, [2010-11-24T17:23:07.371298 #59721]  INFO -- : ====== Checking Folder Status ======
I, [2010-11-24T17:23:07.399184 #59721]  INFO -- : No changes
I, [2010-11-24T17:23:07.399393 #59721]  INFO -- : ====== End Folder Status ======
I, [2010-11-24T17:23:12.399498 #59721]  INFO -- : ====== Checking Folder Status ======
I, [2010-11-24T17:23:12.430605 #59721]  INFO -- : No changes
I, [2010-11-24T17:23:12.430883 #59721]  INFO -- : ====== End Folder Status ======
I, [2010-11-24T17:23:17.431019 #59721]  INFO -- : ====== Checking Folder Status ======
I, [2010-11-24T17:23:17.457899 #59721]  INFO -- : No changes
I, [2010-11-24T17:23:17.458118 #59721]  INFO -- : ====== End Folder Status ======
I, [2010-11-24T17:23:22.458243 #59721]  INFO -- : ====== Checking Folder Status ======
I, [2010-11-24T17:23:22.485516 #59721]  INFO -- : No changes
I, [2010-11-24T17:23:22.485714 #59721]  INFO -- : ====== End Folder Status ======
I, [2010-11-24T17:23:27.485810 #59721]  INFO -- : ====== Checking Folder Status ======
I, [2010-11-24T17:23:27.514225 #59721]  INFO -- : No changes
I, [2010-11-24T17:23:27.514425 #59721]  INFO -- : ====== End Folder Status ======
I, [2010-11-24T17:23:32.514536 #59721]  INFO -- : ====== Checking Folder Status ======
I, [2010-11-24T17:23:32.542198 #59721]  INFO -- : No changes
I, [2010-11-24T17:23:32.542395 #59721]  INFO -- : ====== End Folder Status ======
I, [2010-11-24T17:23:37.542534 #59721]  INFO -- : ====== Checking Folder Status ======
I, [2010-11-24T17:23:37.573576 #59721]  INFO -- : No changes
I, [2010-11-24T17:23:37.573783 #59721]  INFO -- : ====== End Folder Status ======
I, [2010-11-24T17:23:42.573932 #59721]  INFO -- : ====== Checking Folder Status ======
I, [2010-11-24T17:23:42.602384 #59721]  INFO -- : No changes
I, [2010-11-24T17:23:42.602592 #59721]  INFO -- : ====== End Folder Status ======
I, [2010-11-24T17:23:47.602703 #59721]  INFO -- : ====== Checking Folder Status ======
I, [2010-11-24T17:23:47.630685 #59721]  INFO -- : No changes
I, [2010-11-24T17:23:47.630905 #59721]  INFO -- : ====== End Folder Status ======
I, [2010-11-24T17:23:52.631014 #59721]  INFO -- : ====== Checking Folder Status ======
I, [2010-11-24T17:23:52.659652 #59721]  INFO -- : No changes
I, [2010-11-24T17:23:52.659863 #59721]  INFO -- : ====== End Folder Status ======
I, [2010-11-24T17:23:57.659957 #59721]  INFO -- : ====== Checking Folder Status ======
I, [2010-11-24T17:23:57.691441 #59721]  INFO -- : No changes
I, [2010-11-24T17:23:57.691722 #59721]  INFO -- : ====== End Folder Status ======
I, [2010-11-24T17:24:02.691859 #59721]  INFO -- : ====== Checking Folder Status ======
I, [2010-11-24T17:24:02.719333 #59721]  INFO -- : No changes
I, [2010-11-24T17:24:02.719532 #59721]  INFO -- : ====== End Folder Status ======
I, [2010-11-24T17:24:07.719642 #59721]  INFO -- : ====== Checking Folder Status ======
I, [2010-11-24T17:24:07.748035 #59721]  INFO -- : No changes
I, [2010-11-24T17:24:07.748238 #59721]  INFO -- : ====== End Folder Status ======
I, [2010-11-24T17:24:12.748376 #59721]  INFO -- : ====== Checking Folder Status ======
I, [2010-11-24T17:24:12.775603 #59721]  INFO -- : No changes
I, [2010-11-24T17:24:12.775809 #59721]  INFO -- : ====== End Folder Status ======
I, [2010-11-24T17:24:17.775937 #59721]  INFO -- : ====== Checking Folder Status ======
I, [2010-11-24T17:24:17.808728 #59721]  INFO -- : No changes
I, [2010-11-24T17:24:17.808935 #59721]  INFO -- : ====== End Folder Status ======
I, [2010-11-24T17:24:22.809069 #59721]  INFO -- : ====== Checking Folder Status ======
I, [2010-11-24T17:24:22.837309 #59721]  INFO -- : No changes
I, [2010-11-24T17:24:22.837519 #59721]  INFO -- : ====== End Folder Status ======
I, [2010-11-24T17:24:27.837654 #59721]  INFO -- : ====== Checking Folder Status ======
I, [2010-11-24T17:24:27.869439 #59721]  INFO -- : No changes
I, [2010-11-24T17:24:27.869647 #59721]  INFO -- : ====== End Folder Status ======
I, [2010-11-24T17:24:32.869756 #59721]  INFO -- : ====== Checking Folder Status ======
I, [2010-11-24T17:24:32.901529 #59721]  INFO -- : No changes
I, [2010-11-24T17:24:32.901768 #59721]  INFO -- : ====== End Folder Status ======
I, [2010-11-24T17:24:37.902004 #59721]  INFO -- : ====== Checking Folder Status ======
I, [2010-11-24T17:24:37.934002 #59721]  INFO -- : No changes
I, [2010-11-24T17:24:37.934208 #59721]  INFO -- : ====== End Folder Status ======
I, [2010-11-24T17:24:42.934333 #59721]  INFO -- : ====== Checking Folder Status ======
I, [2010-11-24T17:24:42.967013 #59721]  INFO -- : No changes
I, [2010-11-24T17:24:42.967217 #59721]  INFO -- : ====== End Folder Status ======
I, [2010-11-24T17:24:47.967491 #59721]  INFO -- : ====== Checking Folder Status ======
I, [2010-11-24T17:24:47.995240 #59721]  INFO -- : No changes
I, [2010-11-24T17:24:47.995443 #59721]  INFO -- : ====== End Folder Status ======
I, [2010-11-24T17:24:52.995616 #59721]  INFO -- : ====== Checking Folder Status ======
I, [2010-11-24T17:24:53.025099 #59721]  INFO -- : No changes
I, [2010-11-24T17:24:53.025302 #59721]  INFO -- : ====== End Folder Status ======
I, [2010-11-24T17:24:58.025456 #59721]  INFO -- : ====== Checking Folder Status ======
I, [2010-11-24T17:24:58.057157 #59721]  INFO -- : No changes
I, [2010-11-24T17:24:58.057363 #59721]  INFO -- : ====== End Folder Status ======
I, [2010-11-24T17:25:03.057483 #59721]  INFO -- : ====== Checking Folder Status ======
I, [2010-11-24T17:25:03.085559 #59721]  INFO -- : No changes
I, [2010-11-24T17:25:03.085766 #59721]  INFO -- : ====== End Folder Status ======
I, [2010-11-24T17:25:08.085887 #59721]  INFO -- : ====== Checking Folder Status ======
I, [2010-11-24T17:25:08.117305 #59721]  INFO -- : No changes
I, [2010-11-24T17:25:08.117504 #59721]  INFO -- : ====== End Folder Status ======
I, [2010-11-24T17:25:13.117620 #59721]  INFO -- : ====== Checking Folder Status ======
I, [2010-11-24T17:25:13.147560 #59721]  INFO -- : No changes
I, [2010-11-24T17:25:13.147765 #59721]  INFO -- : ====== End Folder Status ======
I, [2010-11-24T17:25:18.147894 #59721]  INFO -- : ====== Checking Folder Status ======
I, [2010-11-24T17:25:18.180095 #59721]  INFO -- : No changes
I, [2010-11-24T17:25:18.180324 #59721]  INFO -- : ====== End Folder Status ======
I, [2010-11-24T17:25:23.180451 #59721]  INFO -- : ====== Checking Folder Status ======
I, [2010-11-24T17:25:23.211957 #59721]  INFO -- : No changes
I, [2010-11-24T17:25:23.212182 #59721]  INFO -- : ====== End Folder Status ======
I, [2010-11-24T17:25:28.212366 #59721]  INFO -- : ====== Checking Folder Status ======
I, [2010-11-24T17:25:28.244295 #59721]  INFO -- : No changes
I, [2010-11-24T17:25:28.244509 #59721]  INFO -- : ====== End Folder Status ======
I, [2010-11-24T17:25:33.244628 #59721]  INFO -- : ====== Checking Folder Status ======
I, [2010-11-24T17:25:33.273667 #59721]  INFO -- : No changes
I, [2010-11-24T17:25:33.273874 #59721]  INFO -- : ====== End Folder Status ======
I, [2010-11-24T17:25:38.274011 #59721]  INFO -- : ====== Checking Folder Status ======
I, [2010-11-24T17:25:38.304395 #59721]  INFO -- : No changes
I, [2010-11-24T17:25:38.304628 #59721]  INFO -- : ====== End Folder Status ======
I, [2010-11-24T17:25:43.304833 #59721]  INFO -- : ====== Checking Folder Status ======
I, [2010-11-24T17:25:43.334318 #59721]  INFO -- : No changes
I, [2010-11-24T17:25:43.334538 #59721]  INFO -- : ====== End Folder Status ======
I, [2010-11-24T17:25:48.334815 #59721]  INFO -- : ====== Checking Folder Status ======
I, [2010-11-24T17:25:48.366238 #59721]  INFO -- : No changes
I, [2010-11-24T17:25:48.366453 #59721]  INFO -- : ====== End Folder Status ======
I, [2010-11-24T17:25:53.366564 #59721]  INFO -- : ====== Checking Folder Status ======
I, [2010-11-24T17:25:53.395686 #59721]  INFO -- : No changes
I, [2010-11-24T17:25:53.395902 #59721]  INFO -- : ====== End Folder Status ======
I, [2010-11-24T17:25:58.396026 #59721]  INFO -- : ====== Checking Folder Status ======
I, [2010-11-24T17:25:58.426957 #59721]  INFO -- : No changes
I, [2010-11-24T17:25:58.427188 #59721]  INFO -- : ====== End Folder Status ======
